<?xml version="1.0" encoding="UTF-8"?>
<coverage generated="1515890283384" clover="3.2.0">
  <project timestamp="1515890283384" name="All files">
    <metrics statements="15" coveredstatements="14" conditionals="7" coveredconditionals="7" methods="7" coveredmethods="6" elements="29" coveredelements="27" complexity="0" loc="15" ncloc="15" packages="5" files="10" classes="10">
      <package name="app">
        <metrics statements="3" coveredstatements="3" conditionals="2" coveredconditionals="2" methods="2" coveredmethods="2"/>
        <file name="App.js" path="/Users/raulmoyareyes/Development/own-site/src/components/app/App.js">
          <metrics statements="3" coveredstatements="3" conditionals="2" coveredconditionals="2" methods="2" coveredmethods="2"/>
          <line num="12" count="1" type="stmt"/>
          <line num="13" count="1" type="stmt"/>
          <line num="18" count="4" type="cond" truecount="2" falsecount="0"/>
        </file>
        <file name="index.js" path="/Users/raulmoyareyes/Development/own-site/src/components/app/index.js">
          <metrics statements="0" coveredstatements="0" conditionals="0" coveredconditionals="0" methods="0" coveredmethods="0"/>
        </file>
      </package>
      <package name="header">
        <metrics statements="2" coveredstatements="2" conditionals="0" coveredconditionals="0" methods="1" coveredmethods="1"/>
        <file name="Header.js" path="/Users/raulmoyareyes/Development/own-site/src/components/header/Header.js">
          <metrics statements="2" coveredstatements="2" conditionals="0" coveredconditionals="0" methods="1" coveredmethods="1"/>
          <line num="5" count="2" type="stmt"/>
          <line num="6" count="1" type="stmt"/>
        </file>
        <file name="index.js" path="/Users/raulmoyareyes/Development/own-site/src/components/header/index.js">
          <metrics statements="0" coveredstatements="0" conditionals="0" coveredconditionals="0" methods="0" coveredmethods="0"/>
        </file>
      </package>
      <package name="menu">
        <metrics statements="2" coveredstatements="1" conditionals="0" coveredconditionals="0" methods="1" coveredmethods="0"/>
        <file name="Menu.js" path="/Users/raulmoyareyes/Development/own-site/src/components/menu/Menu.js">
          <metrics statements="2" coveredstatements="1" conditionals="0" coveredconditionals="0" methods="1" coveredmethods="0"/>
          <line num="5" count="1" type="stmt"/>
          <line num="6" count="0" type="stmt"/>
        </file>
        <file name="index.js" path="/Users/raulmoyareyes/Development/own-site/src/components/menu/index.js">
          <metrics statements="0" coveredstatements="0" conditionals="0" coveredconditionals="0" methods="0" coveredmethods="0"/>
        </file>
      </package>
      <package name="paragraph">
        <metrics statements="3" coveredstatements="3" conditionals="0" coveredconditionals="0" methods="1" coveredmethods="1"/>
        <file name="Paragraph.js" path="/Users/raulmoyareyes/Development/own-site/src/components/paragraph/Paragraph.js">
          <metrics statements="3" coveredstatements="3" conditionals="0" coveredconditionals="0" methods="1" coveredmethods="1"/>
          <line num="6" count="3" type="stmt"/>
          <line num="7" count="1" type="stmt"/>
          <line num="12" count="3" type="stmt"/>
        </file>
        <file name="index.js" path="/Users/raulmoyareyes/Development/own-site/src/components/paragraph/index.js">
          <metrics statements="0" coveredstatements="0" conditionals="0" coveredconditionals="0" methods="0" coveredmethods="0"/>
        </file>
      </package>
      <package name="section">
        <metrics statements="5" coveredstatements="5" conditionals="5" coveredconditionals="5" methods="2" coveredmethods="2"/>
        <file name="Section.js" path="/Users/raulmoyareyes/Development/own-site/src/components/section/Section.js">
          <metrics statements="5" coveredstatements="5" conditionals="5" coveredconditionals="5" methods="2" coveredmethods="2"/>
          <line num="11" count="2" type="cond" truecount="1" falsecount="0"/>
          <line num="12" count="3" type="cond" truecount="2" falsecount="0"/>
          <line num="14" count="3" type="stmt"/>
          <line num="20" count="9" type="stmt"/>
          <line num="27" count="2" type="stmt"/>
        </file>
        <file name="index.js" path="/Users/raulmoyareyes/Development/own-site/src/components/section/index.js">
          <metrics statements="0" coveredstatements="0" conditionals="0" coveredconditionals="0" methods="0" coveredmethods="0"/>
        </file>
      </package>
    </metrics>
  </project>
</coverage>
