TN:
SF:/Users/raulmoyareyes/Development/own-site/src/components/app/App.js
FN:11,(anonymous_0)
FNF:1
FNH:1
FNDA:1,(anonymous_0)
DA:11,1
DA:12,1
DA:13,1
LF:3
LH:3
BRF:0
BRH:0
end_of_record
TN:
SF:/Users/raulmoyareyes/Development/own-site/src/components/app/index.js
FNF:0
FNH:0
LF:0
LH:0
BRF:0
BRH:0
end_of_record
TN:
SF:/Users/raulmoyareyes/Development/own-site/src/components/header/Header.js
FN:5,(anonymous_0)
FNF:1
FNH:1
FNDA:1,(anonymous_0)
DA:5,2
DA:6,1
LF:2
LH:2
BRF:0
BRH:0
end_of_record
TN:
SF:/Users/raulmoyareyes/Development/own-site/src/components/header/index.js
FNF:0
FNH:0
LF:0
LH:0
BRF:0
BRH:0
end_of_record
TN:
SF:/Users/raulmoyareyes/Development/own-site/src/components/paragraph/Paragraph.js
FN:6,(anonymous_0)
FNF:1
FNH:1
FNDA:1,(anonymous_0)
DA:6,3
DA:7,1
DA:12,3
LF:3
LH:3
BRF:0
BRH:0
end_of_record
TN:
SF:/Users/raulmoyareyes/Development/own-site/src/components/paragraph/index.js
FNF:0
FNH:0
LF:0
LH:0
BRF:0
BRH:0
end_of_record
TN:
SF:/Users/raulmoyareyes/Development/own-site/src/components/section/Section.js
FN:11,(anonymous_0)
FN:19,(anonymous_1)
FNF:2
FNH:2
FNDA:3,(anonymous_0)
FNDA:9,(anonymous_1)
DA:11,2
DA:12,3
DA:14,3
DA:20,9
DA:27,2
LF:5
LH:5
BRDA:11,0,0,2
BRDA:12,1,0,1
BRDA:12,1,1,2
BRF:3
BRH:3
end_of_record
TN:
SF:/Users/raulmoyareyes/Development/own-site/src/components/section/index.js
FNF:0
FNH:0
LF:0
LH:0
BRF:0
BRH:0
end_of_record
